This file contains any messages produced by compilers while
running configure, to aid debugging if configure makes a mistake.

It was created by btcgi configure 0.1, which was
generated by GNU Autoconf 2.67.  Invocation command line was

  $ /home/matt/btcgi/configure --enable-maintainer-mode --enable-maintainer-mode CFLAGS=-g -O0 CXXFLAGS=-g -O0 JFLAGS=-g -O0 FFLAGS=-g -O0

## --------- ##
## Platform. ##
## --------- ##

hostname = matt-desktop
uname -m = i686
uname -r = 2.6.35-19-generic
uname -s = Linux
uname -v = #28-Ubuntu SMP Sun Aug 29 06:36:51 UTC 2010

/usr/bin/uname -p = unknown
/bin/uname -X     = unknown

/bin/arch              = unknown
/usr/bin/arch -k       = unknown
/usr/convex/getsysinfo = unknown
/usr/bin/hostinfo      = unknown
/bin/machine           = unknown
/usr/bin/oslevel       = unknown
/bin/universe          = unknown

PATH: /usr/local/sbin
PATH: /usr/local/bin
PATH: /usr/sbin
PATH: /usr/bin
PATH: /sbin
PATH: /bin
PATH: /usr/games


## ----------- ##
## Core tests. ##
## ----------- ##

configure:2408: checking for a BSD-compatible install
configure:2476: result: /usr/bin/install -c
configure:2487: checking whether build environment is sane
configure:2537: result: yes
configure:2678: checking for a thread-safe mkdir -p
configure:2717: result: /bin/mkdir -p
configure:2730: checking for gawk
configure:2760: result: no
configure:2730: checking for mawk
configure:2746: found /usr/bin/mawk
configure:2757: result: mawk
configure:2768: checking whether make sets $(MAKE)
configure:2790: result: yes
configure:2873: checking whether to enable maintainer-specific portions of Makefiles
configure:2882: result: yes
configure:2908: checking for style of include used by make
configure:2936: result: GNU
configure:3006: checking for gcc
configure:3022: found /usr/bin/gcc
configure:3033: result: gcc
configure:3262: checking for C compiler version
configure:3271: gcc --version >&5
gcc (Ubuntu/Linaro 4.4.4-14ubuntu5) 4.4.5
Copyright (C) 2010 Free Software Foundation, Inc.
This is free software; see the source for copying conditions.  There is NO
warranty; not even for MERCHANTABILITY or FITNESS FOR A PARTICULAR PURPOSE.

configure:3282: $? = 0
configure:3271: gcc -v >&5
Using built-in specs.
Target: i686-linux-gnu
Configured with: ../src/configure -v --with-pkgversion='Ubuntu/Linaro 4.4.4-14ubuntu5' --with-bugurl=file:///usr/share/doc/gcc-4.4/README.Bugs --enable-languages=c,c++,fortran,objc,obj-c++ --prefix=/usr --program-suffix=-4.4 --enable-shared --enable-multiarch --enable-linker-build-id --with-system-zlib --libexecdir=/usr/lib --without-included-gettext --enable-threads=posix --with-gxx-include-dir=/usr/include/c++/4.4 --libdir=/usr/lib --enable-nls --with-sysroot=/ --enable-clocale=gnu --enable-libstdcxx-debug --enable-objc-gc --enable-targets=all --disable-werror --with-arch-32=i686 --with-tune=generic --enable-checking=release --build=i686-linux-gnu --host=i686-linux-gnu --target=i686-linux-gnu
Thread model: posix
gcc version 4.4.5 (Ubuntu/Linaro 4.4.4-14ubuntu5) 
configure:3282: $? = 0
configure:3271: gcc -V >&5
gcc: '-V' option must have argument
configure:3282: $? = 1
configure:3271: gcc -qversion >&5
gcc: unrecognized option '-qversion'
gcc: no input files
configure:3282: $? = 1
configure:3302: checking whether the C compiler works
configure:3324: gcc -g -O0   conftest.c  >&5
configure:3328: $? = 0
configure:3376: result: yes
configure:3379: checking for C compiler default output file name
configure:3381: result: a.out
configure:3387: checking for suffix of executables
configure:3394: gcc -o conftest -g -O0   conftest.c  >&5
configure:3398: $? = 0
configure:3420: result: 
configure:3442: checking whether we are cross compiling
configure:3450: gcc -o conftest -g -O0   conftest.c  >&5
configure:3454: $? = 0
configure:3461: ./conftest
configure:3465: $? = 0
configure:3480: result: no
configure:3485: checking for suffix of object files
configure:3507: gcc -c -g -O0  conftest.c >&5
configure:3511: $? = 0
configure:3532: result: o
configure:3536: checking whether we are using the GNU C compiler
configure:3555: gcc -c -g -O0  conftest.c >&5
configure:3555: $? = 0
configure:3564: result: yes
configure:3573: checking whether gcc accepts -g
configure:3593: gcc -c -g  conftest.c >&5
configure:3593: $? = 0
configure:3634: result: yes
configure:3651: checking for gcc option to accept ISO C89
configure:3715: gcc  -c -g -O0  conftest.c >&5
configure:3715: $? = 0
configure:3728: result: none needed
configure:3750: checking dependency style of gcc
configure:3860: result: gcc3
configure:3876: checking for library containing strerror
configure:3907: gcc -o conftest -g -O0   conftest.c  >&5
configure:3907: $? = 0
configure:3924: result: none required
configure:3980: checking for gcc
configure:4007: result: gcc
configure:4236: checking for C compiler version
configure:4245: gcc --version >&5
gcc (Ubuntu/Linaro 4.4.4-14ubuntu5) 4.4.5
Copyright (C) 2010 Free Software Foundation, Inc.
This is free software; see the source for copying conditions.  There is NO
warranty; not even for MERCHANTABILITY or FITNESS FOR A PARTICULAR PURPOSE.

configure:4256: $? = 0
configure:4245: gcc -v >&5
Using built-in specs.
Target: i686-linux-gnu
Configured with: ../src/configure -v --with-pkgversion='Ubuntu/Linaro 4.4.4-14ubuntu5' --with-bugurl=file:///usr/share/doc/gcc-4.4/README.Bugs --enable-languages=c,c++,fortran,objc,obj-c++ --prefix=/usr --program-suffix=-4.4 --enable-shared --enable-multiarch --enable-linker-build-id --with-system-zlib --libexecdir=/usr/lib --without-included-gettext --enable-threads=posix --with-gxx-include-dir=/usr/include/c++/4.4 --libdir=/usr/lib --enable-nls --with-sysroot=/ --enable-clocale=gnu --enable-libstdcxx-debug --enable-objc-gc --enable-targets=all --disable-werror --with-arch-32=i686 --with-tune=generic --enable-checking=release --build=i686-linux-gnu --host=i686-linux-gnu --target=i686-linux-gnu
Thread model: posix
gcc version 4.4.5 (Ubuntu/Linaro 4.4.4-14ubuntu5) 
configure:4256: $? = 0
configure:4245: gcc -V >&5
gcc: '-V' option must have argument
configure:4256: $? = 1
configure:4245: gcc -qversion >&5
gcc: unrecognized option '-qversion'
gcc: no input files
configure:4256: $? = 1
configure:4260: checking whether we are using the GNU C compiler
configure:4288: result: yes
configure:4297: checking whether gcc accepts -g
configure:4358: result: yes
configure:4375: checking for gcc option to accept ISO C89
configure:4452: result: none needed
configure:4474: checking dependency style of gcc
configure:4584: result: gcc3
configure:4647: checking for gcc
configure:4674: result: gcc
configure:4903: checking for C compiler version
configure:4912: gcc --version >&5
gcc (Ubuntu/Linaro 4.4.4-14ubuntu5) 4.4.5
Copyright (C) 2010 Free Software Foundation, Inc.
This is free software; see the source for copying conditions.  There is NO
warranty; not even for MERCHANTABILITY or FITNESS FOR A PARTICULAR PURPOSE.

configure:4923: $? = 0
configure:4912: gcc -v >&5
Using built-in specs.
Target: i686-linux-gnu
Configured with: ../src/configure -v --with-pkgversion='Ubuntu/Linaro 4.4.4-14ubuntu5' --with-bugurl=file:///usr/share/doc/gcc-4.4/README.Bugs --enable-languages=c,c++,fortran,objc,obj-c++ --prefix=/usr --program-suffix=-4.4 --enable-shared --enable-multiarch --enable-linker-build-id --with-system-zlib --libexecdir=/usr/lib --without-included-gettext --enable-threads=posix --with-gxx-include-dir=/usr/include/c++/4.4 --libdir=/usr/lib --enable-nls --with-sysroot=/ --enable-clocale=gnu --enable-libstdcxx-debug --enable-objc-gc --enable-targets=all --disable-werror --with-arch-32=i686 --with-tune=generic --enable-checking=release --build=i686-linux-gnu --host=i686-linux-gnu --target=i686-linux-gnu
Thread model: posix
gcc version 4.4.5 (Ubuntu/Linaro 4.4.4-14ubuntu5) 
configure:4923: $? = 0
configure:4912: gcc -V >&5
gcc: '-V' option must have argument
configure:4923: $? = 1
configure:4912: gcc -qversion >&5
gcc: unrecognized option '-qversion'
gcc: no input files
configure:4923: $? = 1
configure:4927: checking whether we are using the GNU C compiler
configure:4955: result: yes
configure:4964: checking whether gcc accepts -g
configure:5025: result: yes
configure:5042: checking for gcc option to accept ISO C89
configure:5119: result: none needed
configure:5141: checking dependency style of gcc
configure:5251: result: gcc3
configure:5274: checking how to run the C preprocessor
configure:5305: gcc -E  conftest.c
configure:5305: $? = 0
configure:5319: gcc -E  conftest.c
conftest.c:11: fatal error: ac_nonexistent.h: No such file or directory
compilation terminated.
configure:5319: $? = 1
configure: failed program was:
| /* confdefs.h */
| #define PACKAGE_NAME "btcgi"
| #define PACKAGE_TARNAME "btcgi"
| #define PACKAGE_VERSION "0.1"
| #define PACKAGE_STRING "btcgi 0.1"
| #define PACKAGE_BUGREPORT ""
| #define PACKAGE_URL ""
| #define PACKAGE "btcgi"
| #define VERSION "0.1"
| /* end confdefs.h.  */
| #include <ac_nonexistent.h>
configure:5344: result: gcc -E
configure:5364: gcc -E  conftest.c
configure:5364: $? = 0
configure:5378: gcc -E  conftest.c
conftest.c:11: fatal error: ac_nonexistent.h: No such file or directory
compilation terminated.
configure:5378: $? = 1
configure: failed program was:
| /* confdefs.h */
| #define PACKAGE_NAME "btcgi"
| #define PACKAGE_TARNAME "btcgi"
| #define PACKAGE_VERSION "0.1"
| #define PACKAGE_STRING "btcgi 0.1"
| #define PACKAGE_BUGREPORT ""
| #define PACKAGE_URL ""
| #define PACKAGE "btcgi"
| #define VERSION "0.1"
| /* end confdefs.h.  */
| #include <ac_nonexistent.h>
configure:5407: checking for grep that handles long lines and -e
configure:5465: result: /bin/grep
configure:5470: checking for egrep
configure:5532: result: /bin/grep -E
configure:5537: checking for ANSI C header files
configure:5557: gcc -c -g -O0  conftest.c >&5
configure:5557: $? = 0
configure:5630: gcc -o conftest -g -O0   conftest.c  >&5
configure:5630: $? = 0
configure:5630: ./conftest
configure:5630: $? = 0
configure:5641: result: yes
configure:5665: checking for sys/types.h
configure:5665: gcc -c -g -O0  conftest.c >&5
configure:5665: $? = 0
configure:5665: result: yes
configure:5665: checking for sys/stat.h
configure:5665: gcc -c -g -O0  conftest.c >&5
configure:5665: $? = 0
configure:5665: result: yes
configure:5665: checking for stdlib.h
configure:5665: gcc -c -g -O0  conftest.c >&5
configure:5665: $? = 0
configure:5665: result: yes
configure:5665: checking for string.h
configure:5665: gcc -c -g -O0  conftest.c >&5
configure:5665: $? = 0
configure:5665: result: yes
configure:5665: checking for memory.h
configure:5665: gcc -c -g -O0  conftest.c >&5
configure:5665: $? = 0
configure:5665: result: yes
configure:5665: checking for strings.h
configure:5665: gcc -c -g -O0  conftest.c >&5
configure:5665: $? = 0
configure:5665: result: yes
configure:5665: checking for inttypes.h
configure:5665: gcc -c -g -O0  conftest.c >&5
configure:5665: $? = 0
configure:5665: result: yes
configure:5665: checking for stdint.h
configure:5665: gcc -c -g -O0  conftest.c >&5
configure:5665: $? = 0
configure:5665: result: yes
configure:5665: checking for unistd.h
configure:5665: gcc -c -g -O0  conftest.c >&5
configure:5665: $? = 0
configure:5665: result: yes
configure:5680: checking locale.h usability
configure:5680: gcc -c -g -O0  conftest.c >&5
configure:5680: $? = 0
configure:5680: result: yes
configure:5680: checking locale.h presence
configure:5680: gcc -E  conftest.c
configure:5680: $? = 0
configure:5680: result: yes
configure:5680: checking for locale.h
configure:5680: result: yes
configure:5691: checking for LC_MESSAGES
configure:5707: gcc -o conftest -g -O0   conftest.c  >&5
configure:5707: $? = 0
configure:5715: result: yes
configure:5732: checking libintl.h usability
configure:5732: gcc -c -g -O0  conftest.c >&5
configure:5732: $? = 0
configure:5732: result: yes
configure:5732: checking libintl.h presence
configure:5732: gcc -E  conftest.c
configure:5732: $? = 0
configure:5732: result: yes
configure:5732: checking for libintl.h
configure:5732: result: yes
configure:5740: checking for ngettext in libc
configure:5758: gcc -o conftest -g -O0   conftest.c  >&5
configure:5758: $? = 0
configure:5767: result: yes
configure:5771: checking for dgettext in libc
configure:5789: gcc -o conftest -g -O0   conftest.c  >&5
configure:5789: $? = 0
configure:5798: result: yes
configure:5805: checking for bind_textdomain_codeset
configure:5805: gcc -o conftest -g -O0   conftest.c  >&5
configure:5805: $? = 0
configure:5805: result: yes
configure:6081: checking for msgfmt
configure:6108: result: /usr/bin/msgfmt
configure:6119: checking for dcgettext
configure:6119: gcc -o conftest -g -O0   conftest.c   >&5
conftest.c:49: warning: conflicting types for built-in function 'dcgettext'
configure:6119: $? = 0
configure:6119: result: yes
configure:6129: checking if msgfmt accepts -c
configure:6144: $MSGFMT -c -o /dev/null conftest.foo
configure:6147: $? = 0
configure:6149: result: yes
configure:6159: checking for gmsgfmt
configure:6190: result: /usr/bin/msgfmt
configure:6200: checking for xgettext
configure:6227: result: /usr/bin/xgettext
configure:6246: gcc -o conftest -g -O0   conftest.c   >&5
configure:6246: $? = 0
configure:6382: checking whether NLS is requested
configure:6391: result: yes
configure:6406: checking for intltool >= 0.35.0
configure:6413: result: 0.41.1 found
configure:6421: checking for intltool-update
configure:6439: found /usr/bin/intltool-update
configure:6451: result: /usr/bin/intltool-update
configure:6461: checking for intltool-merge
configure:6479: found /usr/bin/intltool-merge
configure:6491: result: /usr/bin/intltool-merge
configure:6501: checking for intltool-extract
configure:6519: found /usr/bin/intltool-extract
configure:6531: result: /usr/bin/intltool-extract
configure:6662: checking for xgettext
configure:6692: result: /usr/bin/xgettext
configure:6702: checking for msgmerge
configure:6720: found /usr/bin/msgmerge
configure:6732: result: /usr/bin/msgmerge
configure:6742: checking for msgfmt
configure:6772: result: /usr/bin/msgfmt
configure:6782: checking for gmsgfmt
configure:6813: result: /usr/bin/msgfmt
configure:6833: checking for perl
configure:6851: found /usr/bin/perl
configure:6863: result: /usr/bin/perl
configure:6874: checking for perl >= 5.8.1
configure:6881: result: 5.10.1
configure:6885: checking for XML::Parser
configure:6888: result: ok
configure:6971: checking build system type
configure:6985: result: i686-pc-linux-gnu
configure:7005: checking host system type
configure:7018: result: i686-pc-linux-gnu
configure:7038: checking for a sed that does not truncate output
configure:7102: result: /bin/sed
configure:7120: checking for fgrep
configure:7182: result: /bin/grep -F
configure:7217: checking for ld used by gcc
configure:7284: result: /usr/bin/ld
configure:7291: checking if the linker (/usr/bin/ld) is GNU ld
configure:7306: result: yes
configure:7318: checking for BSD- or MS-compatible name lister (nm)
configure:7367: result: /usr/bin/nm -B
configure:7485: checking the name lister (/usr/bin/nm -B) interface
configure:7492: gcc -c -g -O0  conftest.c >&5
configure:7495: /usr/bin/nm -B "conftest.o"
configure:7498: output
00000000 B some_variable
configure:7505: result: BSD nm
configure:7508: checking whether ln -s works
configure:7512: result: yes
configure:7520: checking the maximum length of command line arguments
configure:7640: result: 1572864
configure:7657: checking whether the shell understands some XSI constructs
configure:7667: result: yes
configure:7671: checking whether the shell understands "+="
configure:7677: result: yes
configure:7712: checking for /usr/bin/ld option to reload object files
configure:7719: result: -r
configure:7788: checking for objdump
configure:7804: found /usr/bin/objdump
configure:7815: result: objdump
configure:7847: checking how to recognize dependent libraries
configure:8043: result: pass_all
configure:8103: checking for ar
configure:8119: found /usr/bin/ar
configure:8130: result: ar
configure:8208: checking for strip
configure:8224: found /usr/bin/strip
configure:8235: result: strip
configure:8307: checking for ranlib
configure:8323: found /usr/bin/ranlib
configure:8334: result: ranlib
configure:8424: checking command to parse /usr/bin/nm -B output from gcc object
configure:8542: gcc -c -g -O0  conftest.c >&5
configure:8545: $? = 0
configure:8549: /usr/bin/nm -B conftest.o \| sed -n -e 's/^.*[	 ]\([ABCDGIRSTW][ABCDGIRSTW]*\)[	 ][	 ]*\([_A-Za-z][_A-Za-z0-9]*\)$/\1 \2 \2/p' \> conftest.nm
configure:8552: $? = 0
configure:8606: gcc -o conftest -g -O0   conftest.c conftstm.o >&5
configure:8609: $? = 0
configure:8647: result: ok
configure:9452: checking for dlfcn.h
configure:9452: gcc -c -g -O0  conftest.c >&5
configure:9452: $? = 0
configure:9452: result: yes
configure:9636: checking for objdir
configure:9651: result: .libs
configure:9943: checking if gcc supports -fno-rtti -fno-exceptions
configure:9961: gcc -c -g -O0  -fno-rtti -fno-exceptions conftest.c >&5
cc1: warning: command line option "-fno-rtti" is valid for C++/ObjC++ but not for C
configure:9965: $? = 0
configure:9978: result: no
configure:9998: checking for gcc option to produce PIC
configure:10270: result: -fPIC -DPIC
configure:10282: checking if gcc PIC flag -fPIC -DPIC works
configure:10300: gcc -c -g -O0  -fPIC -DPIC -DPIC conftest.c >&5
configure:10304: $? = 0
configure:10317: result: yes
configure:10341: checking if gcc static flag -static works
configure:10369: result: yes
configure:10384: checking if gcc supports -c -o file.o
configure:10405: gcc -c -g -O0  -o out/conftest2.o conftest.c >&5
configure:10409: $? = 0
configure:10431: result: yes
configure:10439: checking if gcc supports -c -o file.o
configure:10486: result: yes
configure:10519: checking whether the gcc linker (/usr/bin/ld) supports shared libraries
configure:11510: result: yes
configure:11547: checking whether -lc should be explicitly linked in
configure:11552: gcc -c -g -O0  conftest.c >&5
configure:11555: $? = 0
configure:11570: gcc -shared conftest.o  -v -Wl,-soname -Wl,conftest -o conftest 2\>\&1 \| /bin/grep  -lc  \>/dev/null 2\>\&1
configure:11573: $? = 0
configure:11585: result: no
configure:11749: checking dynamic linker characteristics
configure:12182: gcc -o conftest -g -O0   -Wl,-rpath -Wl,/foo conftest.c  >&5
configure:12182: $? = 0
configure:12412: result: GNU/Linux ld.so
configure:12514: checking how to hardcode library paths into programs
configure:12539: result: immediate
configure:13059: checking whether stripping libraries is possible
configure:13064: result: yes
configure:13099: checking if libtool supports shared libraries
configure:13101: result: yes
configure:13104: checking whether to build shared libraries
configure:13125: result: yes
configure:13128: checking whether to build static libraries
configure:13132: result: yes
configure:13310: creating ./config.status

## ---------------------- ##
## Running config.status. ##
## ---------------------- ##

This file was extended by btcgi config.status 0.1, which was
generated by GNU Autoconf 2.67.  Invocation command line was

  CONFIG_FILES    = 
  CONFIG_HEADERS  = 
  CONFIG_LINKS    = 
  CONFIG_COMMANDS = 
  $ ./config.status 

on matt-desktop

config.status:1144: creating Makefile
config.status:1144: creating src/Makefile
config.status:1144: creating po/Makefile.in
config.status:1144: creating config.h
config.status:1357: executing depfiles commands
config.status:1357: executing default-1 commands
config.status:1357: executing libtool commands
config.status:1357: executing po/stamp-it commands

## ---------------- ##
## Cache variables. ##
## ---------------- ##

ac_cv_build=i686-pc-linux-gnu
ac_cv_c_compiler_gnu=yes
ac_cv_env_CC_set=
ac_cv_env_CC_value=
ac_cv_env_CFLAGS_set=set
ac_cv_env_CFLAGS_value='-g -O0'
ac_cv_env_CPPFLAGS_set=
ac_cv_env_CPPFLAGS_value=
ac_cv_env_CPP_set=
ac_cv_env_CPP_value=
ac_cv_env_LDFLAGS_set=
ac_cv_env_LDFLAGS_value=
ac_cv_env_LIBS_set=
ac_cv_env_LIBS_value=
ac_cv_env_build_alias_set=
ac_cv_env_build_alias_value=
ac_cv_env_host_alias_set=
ac_cv_env_host_alias_value=
ac_cv_env_target_alias_set=
ac_cv_env_target_alias_value=
ac_cv_func_bind_textdomain_codeset=yes
ac_cv_func_dcgettext=yes
ac_cv_header_dlfcn_h=yes
ac_cv_header_inttypes_h=yes
ac_cv_header_libintl_h=yes
ac_cv_header_locale_h=yes
ac_cv_header_memory_h=yes
ac_cv_header_stdc=yes
ac_cv_header_stdint_h=yes
ac_cv_header_stdlib_h=yes
ac_cv_header_string_h=yes
ac_cv_header_strings_h=yes
ac_cv_header_sys_stat_h=yes
ac_cv_header_sys_types_h=yes
ac_cv_header_unistd_h=yes
ac_cv_host=i686-pc-linux-gnu
ac_cv_objext=o
ac_cv_path_EGREP='/bin/grep -E'
ac_cv_path_FGREP='/bin/grep -F'
ac_cv_path_GMSGFMT=/usr/bin/msgfmt
ac_cv_path_GREP=/bin/grep
ac_cv_path_INTLTOOL_EXTRACT=/usr/bin/intltool-extract
ac_cv_path_INTLTOOL_MERGE=/usr/bin/intltool-merge
ac_cv_path_INTLTOOL_PERL=/usr/bin/perl
ac_cv_path_INTLTOOL_UPDATE=/usr/bin/intltool-update
ac_cv_path_MSGFMT=/usr/bin/msgfmt
ac_cv_path_MSGMERGE=/usr/bin/msgmerge
ac_cv_path_SED=/bin/sed
ac_cv_path_XGETTEXT=/usr/bin/xgettext
ac_cv_path_install='/usr/bin/install -c'
ac_cv_path_mkdir=/bin/mkdir
ac_cv_prog_AWK=mawk
ac_cv_prog_CPP='gcc -E'
ac_cv_prog_ac_ct_AR=ar
ac_cv_prog_ac_ct_CC=gcc
ac_cv_prog_ac_ct_OBJDUMP=objdump
ac_cv_prog_ac_ct_RANLIB=ranlib
ac_cv_prog_ac_ct_STRIP=strip
ac_cv_prog_cc_c89=
ac_cv_prog_cc_g=yes
ac_cv_prog_make_make_set=yes
ac_cv_search_strerror='none required'
am_cv_CC_dependencies_compiler_type=gcc3
am_cv_prog_cc_stdc=
am_cv_val_LC_MESSAGES=yes
gt_cv_func_dgettext_libc=yes
gt_cv_func_dgettext_libintl=no
gt_cv_func_ngettext_libc=yes
gt_cv_have_gettext=yes
lt_cv_deplibs_check_method=pass_all
lt_cv_file_magic_cmd='$MAGIC_CMD'
lt_cv_file_magic_test_file=
lt_cv_ld_reload_flag=-r
lt_cv_nm_interface='BSD nm'
lt_cv_objdir=.libs
lt_cv_path_LD=/usr/bin/ld
lt_cv_path_NM='/usr/bin/nm -B'
lt_cv_prog_compiler_c_o=yes
lt_cv_prog_compiler_pic_works=yes
lt_cv_prog_compiler_rtti_exceptions=no
lt_cv_prog_compiler_static_works=yes
lt_cv_prog_gnu_ld=yes
lt_cv_sys_global_symbol_pipe='sed -n -e '\''s/^.*[	 ]\([ABCDGIRSTW][ABCDGIRSTW]*\)[	 ][	 ]*\([_A-Za-z][_A-Za-z0-9]*\)$/\1 \2 \2/p'\'''
lt_cv_sys_global_symbol_to_c_name_address='sed -n -e '\''s/^: \([^ ]*\) $/  {\"\1\", (void *) 0},/p'\'' -e '\''s/^[ABCDGIRSTW]* \([^ ]*\) \([^ ]*\)$/  {"\2", (void *) \&\2},/p'\'''
lt_cv_sys_global_symbol_to_c_name_address_lib_prefix='sed -n -e '\''s/^: \([^ ]*\) $/  {\"\1\", (void *) 0},/p'\'' -e '\''s/^[ABCDGIRSTW]* \([^ ]*\) \(lib[^ ]*\)$/  {"\2", (void *) \&\2},/p'\'' -e '\''s/^[ABCDGIRSTW]* \([^ ]*\) \([^ ]*\)$/  {"lib\2", (void *) \&\2},/p'\'''
lt_cv_sys_global_symbol_to_cdecl='sed -n -e '\''s/^T .* \(.*\)$/extern int \1();/p'\'' -e '\''s/^[ABCDGIRSTW]* .* \(.*\)$/extern char \1;/p'\'''
lt_cv_sys_max_cmd_len=1572864

## ----------------- ##
## Output variables. ##
## ----------------- ##

ACLOCAL='${SHELL} /home/matt/btcgi/missing --run aclocal-1.11'
ALL_LINGUAS=''
AMDEPBACKSLASH='\'
AMDEP_FALSE='#'
AMDEP_TRUE=''
AMTAR='${SHELL} /home/matt/btcgi/missing --run tar'
AM_BACKSLASH='\'
AM_DEFAULT_VERBOSITY='0'
AR='ar'
AUTOCONF='${SHELL} /home/matt/btcgi/missing --run autoconf'
AUTOHEADER='${SHELL} /home/matt/btcgi/missing --run autoheader'
AUTOMAKE='${SHELL} /home/matt/btcgi/missing --run automake-1.11'
AWK='mawk'
CATALOGS=''
CATOBJEXT='.gmo'
CC='gcc'
CCDEPMODE='depmode=gcc3'
CFLAGS='-g -O0'
CPP='gcc -E'
CPPFLAGS=''
CYGPATH_W='echo'
DATADIRNAME='share'
DEFS='-DHAVE_CONFIG_H'
DEPDIR='.deps'
DSYMUTIL=''
DUMPBIN=''
ECHO_C=''
ECHO_N='-n'
ECHO_T=''
EGREP='/bin/grep -E'
EXEEXT=''
FGREP='/bin/grep -F'
GETTEXT_PACKAGE='btcgi'
GMOFILES=''
GMSGFMT='/usr/bin/msgfmt'
GREP='/bin/grep'
INSTALL_DATA='${INSTALL} -m 644'
INSTALL_PROGRAM='${INSTALL}'
INSTALL_SCRIPT='${INSTALL}'
INSTALL_STRIP_PROGRAM='$(install_sh) -c -s'
INSTOBJEXT='.mo'
INTLLIBS=''
INTLTOOL_CAVES_RULE='%.caves:     %.caves.in     $(INTLTOOL_MERGE) $(wildcard $(top_srcdir)/po/*.po) ; LC_ALL=C $(INTLTOOL_MERGE) -d -u -c $(top_builddir)/po/.intltool-merge-cache $(top_srcdir)/po $< $@'
INTLTOOL_DESKTOP_RULE='%.desktop:   %.desktop.in   $(INTLTOOL_MERGE) $(wildcard $(top_srcdir)/po/*.po) ; LC_ALL=C $(INTLTOOL_MERGE) -d -u -c $(top_builddir)/po/.intltool-merge-cache $(top_srcdir)/po $< $@'
INTLTOOL_DIRECTORY_RULE='%.directory: %.directory.in $(INTLTOOL_MERGE) $(wildcard $(top_srcdir)/po/*.po) ; LC_ALL=C $(INTLTOOL_MERGE) -d -u -c $(top_builddir)/po/.intltool-merge-cache $(top_srcdir)/po $< $@'
INTLTOOL_EXTRACT='/usr/bin/intltool-extract'
INTLTOOL_KBD_RULE='%.kbd:       %.kbd.in       $(INTLTOOL_MERGE) $(wildcard $(top_srcdir)/po/*.po) ; LC_ALL=C $(INTLTOOL_MERGE) -x -u -m -c $(top_builddir)/po/.intltool-merge-cache $(top_srcdir)/po $< $@'
INTLTOOL_KEYS_RULE='%.keys:      %.keys.in      $(INTLTOOL_MERGE) $(wildcard $(top_srcdir)/po/*.po) ; LC_ALL=C $(INTLTOOL_MERGE) -k -u -c $(top_builddir)/po/.intltool-merge-cache $(top_srcdir)/po $< $@'
INTLTOOL_MERGE='/usr/bin/intltool-merge'
INTLTOOL_OAF_RULE='%.oaf:       %.oaf.in       $(INTLTOOL_MERGE) $(wildcard $(top_srcdir)/po/*.po) ; LC_ALL=C $(INTLTOOL_MERGE) -o -p $(top_srcdir)/po $< $@'
INTLTOOL_PERL='/usr/bin/perl'
INTLTOOL_POLICY_RULE='%.policy:    %.policy.in    $(INTLTOOL_MERGE) $(wildcard $(top_srcdir)/po/*.po) ; LC_ALL=C $(INTLTOOL_MERGE) -x -u -c $(top_builddir)/po/.intltool-merge-cache $(top_srcdir)/po $< $@'
INTLTOOL_PONG_RULE='%.pong:      %.pong.in      $(INTLTOOL_MERGE) $(wildcard $(top_srcdir)/po/*.po) ; LC_ALL=C $(INTLTOOL_MERGE) -x -u -c $(top_builddir)/po/.intltool-merge-cache $(top_srcdir)/po $< $@'
INTLTOOL_PROP_RULE='%.prop:      %.prop.in      $(INTLTOOL_MERGE) $(wildcard $(top_srcdir)/po/*.po) ; LC_ALL=C $(INTLTOOL_MERGE) -d -u -c $(top_builddir)/po/.intltool-merge-cache $(top_srcdir)/po $< $@'
INTLTOOL_SCHEMAS_RULE='%.schemas:   %.schemas.in   $(INTLTOOL_MERGE) $(wildcard $(top_srcdir)/po/*.po) ; LC_ALL=C $(INTLTOOL_MERGE) -s -u -c $(top_builddir)/po/.intltool-merge-cache $(top_srcdir)/po $< $@'
INTLTOOL_SERVER_RULE='%.server:    %.server.in    $(INTLTOOL_MERGE) $(wildcard $(top_srcdir)/po/*.po) ; LC_ALL=C $(INTLTOOL_MERGE) -o -u -c $(top_builddir)/po/.intltool-merge-cache $(top_srcdir)/po $< $@'
INTLTOOL_SERVICE_RULE='%.service: %.service.in   $(INTLTOOL_MERGE) $(wildcard $(top_srcdir)/po/*.po) ; LC_ALL=C $(INTLTOOL_MERGE) -d -u -c $(top_builddir)/po/.intltool-merge-cache $(top_srcdir)/po $< $@'
INTLTOOL_SHEET_RULE='%.sheet:     %.sheet.in     $(INTLTOOL_MERGE) $(wildcard $(top_srcdir)/po/*.po) ; LC_ALL=C $(INTLTOOL_MERGE) -x -u -c $(top_builddir)/po/.intltool-merge-cache $(top_srcdir)/po $< $@'
INTLTOOL_SOUNDLIST_RULE='%.soundlist: %.soundlist.in $(INTLTOOL_MERGE) $(wildcard $(top_srcdir)/po/*.po) ; LC_ALL=C $(INTLTOOL_MERGE) -d -u -c $(top_builddir)/po/.intltool-merge-cache $(top_srcdir)/po $< $@'
INTLTOOL_THEME_RULE='%.theme:     %.theme.in     $(INTLTOOL_MERGE) $(wildcard $(top_srcdir)/po/*.po) ; LC_ALL=C $(INTLTOOL_MERGE) -d -u -c $(top_builddir)/po/.intltool-merge-cache $(top_srcdir)/po $< $@'
INTLTOOL_UI_RULE='%.ui:        %.ui.in        $(INTLTOOL_MERGE) $(wildcard $(top_srcdir)/po/*.po) ; LC_ALL=C $(INTLTOOL_MERGE) -x -u -c $(top_builddir)/po/.intltool-merge-cache $(top_srcdir)/po $< $@'
INTLTOOL_UPDATE='/usr/bin/intltool-update'
INTLTOOL_XAM_RULE='%.xam:       %.xml.in       $(INTLTOOL_MERGE) $(wildcard $(top_srcdir)/po/*.po) ; LC_ALL=C $(INTLTOOL_MERGE) -x -u -c $(top_builddir)/po/.intltool-merge-cache $(top_srcdir)/po $< $@'
INTLTOOL_XML_NOMERGE_RULE='%.xml:       %.xml.in       $(INTLTOOL_MERGE) ; LC_ALL=C $(INTLTOOL_MERGE) -x -u /tmp $< $@'
INTLTOOL_XML_RULE='%.xml:       %.xml.in       $(INTLTOOL_MERGE) $(wildcard $(top_srcdir)/po/*.po) ; LC_ALL=C $(INTLTOOL_MERGE) -x -u -c $(top_builddir)/po/.intltool-merge-cache $(top_srcdir)/po $< $@'
LD='/usr/bin/ld'
LDFLAGS=''
LIBOBJS=''
LIBS=''
LIBTOOL='$(SHELL) $(top_builddir)/libtool'
LIPO=''
LN_S='ln -s'
LTLIBOBJS=''
MAINT=''
MAINTAINER_MODE_FALSE='#'
MAINTAINER_MODE_TRUE=''
MAKEINFO='${SHELL} /home/matt/btcgi/missing --run makeinfo'
MKDIR_P='/bin/mkdir -p'
MKINSTALLDIRS='/home/matt/btcgi/mkinstalldirs'
MSGFMT='/usr/bin/msgfmt'
MSGFMT_OPTS='-c'
MSGMERGE='/usr/bin/msgmerge'
NM='/usr/bin/nm -B'
NMEDIT=''
OBJDUMP='objdump'
OBJEXT='o'
OTOOL64=''
OTOOL=''
PACKAGE='btcgi'
PACKAGE_BUGREPORT=''
PACKAGE_NAME='btcgi'
PACKAGE_STRING='btcgi 0.1'
PACKAGE_TARNAME='btcgi'
PACKAGE_URL=''
PACKAGE_VERSION='0.1'
PATH_SEPARATOR=':'
POFILES=''
POSUB='po'
PO_IN_DATADIR_FALSE=''
PO_IN_DATADIR_TRUE=''
RANLIB='ranlib'
SED='/bin/sed'
SET_MAKE=''
SHELL='/bin/bash'
STRIP='strip'
USE_NLS='yes'
VERSION='0.1'
XGETTEXT='/usr/bin/xgettext'
ac_ct_CC='gcc'
ac_ct_DUMPBIN=''
am__EXEEXT_FALSE=''
am__EXEEXT_TRUE='#'
am__fastdepCC_FALSE='#'
am__fastdepCC_TRUE=''
am__include='include'
am__isrc=' -I$(srcdir)'
am__leading_dot='.'
am__quote=''
am__tar='${AMTAR} chof - "$$tardir"'
am__untar='${AMTAR} xf -'
bindir='${exec_prefix}/bin'
build='i686-pc-linux-gnu'
build_alias=''
build_cpu='i686'
build_os='linux-gnu'
build_vendor='pc'
datadir='${datarootdir}'
datarootdir='${prefix}/share'
docdir='${datarootdir}/doc/${PACKAGE_TARNAME}'
dvidir='${docdir}'
exec_prefix='${prefix}'
host='i686-pc-linux-gnu'
host_alias=''
host_cpu='i686'
host_os='linux-gnu'
host_vendor='pc'
htmldir='${docdir}'
includedir='${prefix}/include'
infodir='${datarootdir}/info'
install_sh='${SHELL} /home/matt/btcgi/install-sh'
libdir='${exec_prefix}/lib'
libexecdir='${exec_prefix}/libexec'
localedir='${datarootdir}/locale'
localstatedir='${prefix}/var'
lt_ECHO='echo'
mandir='${datarootdir}/man'
mkdir_p='/bin/mkdir -p'
oldincludedir='/usr/include'
pdfdir='${docdir}'
prefix='/usr/local'
program_transform_name='s,x,x,'
psdir='${docdir}'
sbindir='${exec_prefix}/sbin'
sharedstatedir='${prefix}/com'
sysconfdir='${prefix}/etc'
target_alias=''

## ----------- ##
## confdefs.h. ##
## ----------- ##

/* confdefs.h */
#define PACKAGE_NAME "btcgi"
#define PACKAGE_TARNAME "btcgi"
#define PACKAGE_VERSION "0.1"
#define PACKAGE_STRING "btcgi 0.1"
#define PACKAGE_BUGREPORT ""
#define PACKAGE_URL ""
#define PACKAGE "btcgi"
#define VERSION "0.1"
#define STDC_HEADERS 1
#define GETTEXT_PACKAGE "btcgi"
#define HAVE_SYS_TYPES_H 1
#define HAVE_SYS_STAT_H 1
#define HAVE_STDLIB_H 1
#define HAVE_STRING_H 1
#define HAVE_MEMORY_H 1
#define HAVE_STRINGS_H 1
#define HAVE_INTTYPES_H 1
#define HAVE_STDINT_H 1
#define HAVE_UNISTD_H 1
#define HAVE_LOCALE_H 1
#define HAVE_LC_MESSAGES 1
#define HAVE_BIND_TEXTDOMAIN_CODESET 1
#define HAVE_GETTEXT 1
#define HAVE_DCGETTEXT 1
#define ENABLE_NLS 1
#define HAVE_DLFCN_H 1
#define LT_OBJDIR ".libs/"

configure: exit 0

## ---------------------- ##
## Running config.status. ##
## ---------------------- ##

This file was extended by btcgi config.status 0.1, which was
generated by GNU Autoconf 2.67.  Invocation command line was

  CONFIG_FILES    = 
  CONFIG_HEADERS  = 
  CONFIG_LINKS    = 
  CONFIG_COMMANDS = 
  $ ./config.status src/Makefile depfiles

on matt-desktop

config.status:1144: creating src/Makefile
config.status:1357: executing depfiles commands
